<?xml version="1.0" encoding="UTF-8"?>
<!-- Generated by org.testng.reporters.JUnitReportReporter -->
<testsuite skipped="0" hostname="admin-PC" name="com.learnautomation.testcases.LoginTestCRM" tests="1" failures="0" timestamp="26 Feb 2019 13:27:03 GMT" time="10.147" errors="0">
  <testcase name="loginTest" time="10.147" classname="com.learnautomation.testcases.LoginTestCRM"/>
</testsuite> <!-- com.learnautomation.testcases.LoginTestCRM -->
